<?xml version="1.0" encoding="utf-8"?><testsuites name="pytest tests"><testsuite name="pytest" errors="0" failures="0" skipped="0" tests="10" time="2.605" timestamp="2026-05-26T22:42:42.950004+00:00" hostname="agent-env-b0d258a7-6ea5-43be-b1a4-07580be07e5b"><testcase classname="backend.tests.test_reports_history.TestAiSystemPrompt" name="test_system_prompt_mentions_all_teams" time="0.000" /><testcase classname="backend.tests.test_reports_history.TestPdfPersistAndHistory" name="test_pdf_yesterday_persists_record" time="1.366" /><testcase classname="backend.tests.test_reports_history.TestPdfPersistAndHistory" name="test_pdf_today_before_noon_400" time="0.134" /><testcase classname="backend.tests.test_reports_history.TestPdfPersistAndHistory" name="test_pdf_forbidden_for_tim_lid" time="0.146" /><testcase classname="backend.tests.test_reports_history.TestPdfPersistAndHistory" name="test_reports_history_lists_generated" time="0.112" /><testcase classname="backend.tests.test_reports_history.TestPdfPersistAndHistory" name="test_reports_history_date_filter" time="0.259" /><testcase classname="backend.tests.test_reports_history.TestPdfPersistAndHistory" name="test_reports_download_returns_pdf" time="0.109" /><testcase classname="backend.tests.test_reports_history.TestPdfPersistAndHistory" name="test_pdf_page_count_at_most_2" time="0.077" /><testcase classname="backend.tests.test_reports_history.TestPdfPersistAndHistory" name="test_reports_delete_non_admin_forbidden" time="0.123" /><testcase classname="backend.tests.test_reports_history.TestPdfPersistAndHistory" name="test_reports_delete_admin_succeeds" time="0.216" /></testsuite></testsuites>