<?xml version="1.0" encoding="utf-8"?><testsuites name="pytest tests"><testsuite name="pytest" errors="0" failures="0" skipped="0" tests="29" time="6.553" timestamp="2026-05-26T22:42:51.371331+00:00" hostname="agent-env-b0d258a7-6ea5-43be-b1a4-07580be07e5b"><testcase classname="backend.tests.test_bais_backend.TestAuth" name="test_login_admin_returns_token_and_user" time="0.361" /><testcase classname="backend.tests.test_bais_backend.TestAuth" name="test_login_invalid_password" time="0.328" /><testcase classname="backend.tests.test_bais_backend.TestAuth" name="test_me_with_bearer_token" time="2.461" /><testcase classname="backend.tests.test_bais_backend.TestAuth" name="test_me_unauthenticated" time="0.182" /><testcase classname="backend.tests.test_bais_backend.TestAuth" name="test_register_non_admin_forbidden" time="0.105" /><testcase classname="backend.tests.test_bais_backend.TestAuth" name="test_users_list_admin_only" time="0.103" /><testcase classname="backend.tests.test_bais_backend.TestAuth" name="test_users_list_non_admin_forbidden" time="0.109" /><testcase classname="backend.tests.test_bais_backend.TestLid" name="test_create_lid_all_cogs[aceh]" time="0.113" /><testcase classname="backend.tests.test_bais_backend.TestLid" name="test_create_lid_all_cogs[jakarta]" time="0.139" /><testcase classname="backend.tests.test_bais_backend.TestLid" name="test_create_lid_all_cogs[papua]" time="0.108" /><testcase classname="backend.tests.test_bais_backend.TestLid" name="test_create_lid_all_cogs[internasional]" time="0.138" /><testcase classname="backend.tests.test_bais_backend.TestLid" name="test_list_lid_with_filter" time="0.112" /><testcase classname="backend.tests.test_bais_backend.TestLid" name="test_delete_lid" time="0.223" /><testcase classname="backend.tests.test_bais_backend.TestKontra" name="test_create_to_satgas" time="0.124" /><testcase classname="backend.tests.test_bais_backend.TestKontra" name="test_create_to_internal" time="0.104" /><testcase classname="backend.tests.test_bais_backend.TestKontra" name="test_role_lid_cannot_post_kontra" time="0.107" /><testcase classname="backend.tests.test_bais_backend.TestGal" name="test_create_gal[narasi]" time="0.114" /><testcase classname="backend.tests.test_bais_backend.TestGal" name="test_create_gal[video]" time="0.111" /><testcase classname="backend.tests.test_bais_backend.TestGal" name="test_create_gal[medsos]" time="0.157" /><testcase classname="backend.tests.test_bais_backend.TestMedmon" name="test_create_medmon" time="0.113" /><testcase classname="backend.tests.test_bais_backend.TestGeoint" name="test_create_geoint" time="0.121" /><testcase classname="backend.tests.test_bais_backend.TestPiket" name="test_create_piket[tek]" time="0.123" /><testcase classname="backend.tests.test_bais_backend.TestPiket" name="test_create_piket[sandi]" time="0.118" /><testcase classname="backend.tests.test_bais_backend.TestPiket" name="test_create_piket[medis]" time="0.108" /><testcase classname="backend.tests.test_bais_backend.TestDaily" name="test_daily_info" time="0.107" /><testcase classname="backend.tests.test_bais_backend.TestDaily" name="test_daily_aggregation" time="0.217" /><testcase classname="backend.tests.test_bais_backend.TestPdf" name="test_pdf_yesterday_admin" time="0.114" /><testcase classname="backend.tests.test_bais_backend.TestPdf" name="test_pdf_today_before_noon_rule" time="0.127" /><testcase classname="backend.tests.test_bais_backend.TestPdf" name="test_pdf_requires_role" time="0.124" /></testsuite></testsuites>