<?xml version="1.0" encoding="utf-8"?><testsuites name="pytest tests"><testsuite name="pytest" errors="0" failures="1" skipped="0" tests="31" time="13.073" timestamp="2026-05-26T16:08:41.593415+00:00" hostname="agent-env-b0d258a7-6ea5-43be-b1a4-07580be07e5b"><testcase classname="backend.tests.test_bais_backend.TestAuth" name="test_login_admin_returns_token_and_user" time="2.550" /><testcase classname="backend.tests.test_bais_backend.TestAuth" name="test_login_invalid_password" time="0.334" /><testcase classname="backend.tests.test_bais_backend.TestAuth" name="test_me_with_bearer_token" time="2.747" /><testcase classname="backend.tests.test_bais_backend.TestAuth" name="test_me_unauthenticated" time="0.119" /><testcase classname="backend.tests.test_bais_backend.TestAuth" name="test_register_non_admin_forbidden" time="0.146" /><testcase classname="backend.tests.test_bais_backend.TestAuth" name="test_users_list_admin_only" time="1.369" /><testcase classname="backend.tests.test_bais_backend.TestAuth" name="test_users_list_non_admin_forbidden" time="0.137" /><testcase classname="backend.tests.test_bais_backend.TestLid" name="test_create_lid_all_cogs[aceh]" time="0.291" /><testcase classname="backend.tests.test_bais_backend.TestLid" name="test_create_lid_all_cogs[jakarta]" time="0.157" /><testcase classname="backend.tests.test_bais_backend.TestLid" name="test_create_lid_all_cogs[papua]" time="0.109" /><testcase classname="backend.tests.test_bais_backend.TestLid" name="test_create_lid_all_cogs[internasional]" time="0.106" /><testcase classname="backend.tests.test_bais_backend.TestLid" name="test_list_lid_with_filter" time="0.115" /><testcase classname="backend.tests.test_bais_backend.TestLid" name="test_delete_lid" time="0.252" /><testcase classname="backend.tests.test_bais_backend.TestKontra" name="test_create_to_satgas" time="0.106" /><testcase classname="backend.tests.test_bais_backend.TestKontra" name="test_create_to_internal" time="0.109" /><testcase classname="backend.tests.test_bais_backend.TestKontra" name="test_role_lid_cannot_post_kontra" time="0.111" /><testcase classname="backend.tests.test_bais_backend.TestGal" name="test_create_gal[narasi]" time="0.127" /><testcase classname="backend.tests.test_bais_backend.TestGal" name="test_create_gal[video]" time="0.126" /><testcase classname="backend.tests.test_bais_backend.TestGal" name="test_create_gal[medsos]" time="0.115" /><testcase classname="backend.tests.test_bais_backend.TestMedmon" name="test_create_medmon" time="0.182" /><testcase classname="backend.tests.test_bais_backend.TestGeoint" name="test_create_geoint" time="0.146" /><testcase classname="backend.tests.test_bais_backend.TestPiket" name="test_create_piket[tek]" time="0.112" /><testcase classname="backend.tests.test_bais_backend.TestPiket" name="test_create_piket[sandi]" time="0.126" /><testcase classname="backend.tests.test_bais_backend.TestPiket" name="test_create_piket[medis]" time="0.120" /><testcase classname="backend.tests.test_bais_backend.TestDaily" name="test_daily_info" time="0.110" /><testcase classname="backend.tests.test_bais_backend.TestDaily" name="test_daily_aggregation" time="0.126" /><testcase classname="backend.tests.test_bais_backend.TestAiSummary" name="test_ai_summary_generate" time="2.136"><failure message="AssertionError: assert '[AI SUMMARY ERROR]' not in '[AI SUMMARY...get: 371.001'&#10;  &#10;  '[AI SUMMARY ERROR]' is contained here:&#10;    [AI SUMMARY ERROR] Failed to generate chat completion: litellm.BadRequestError: OpenAIException - Budget has been exceeded! Current cost: 371.0340432285542, Max budget: 371.001&#10;  ? ++++++++++++++++++">backend/tests/test_bais_backend.py:252: in test_ai_summary_generate
    assert "[AI SUMMARY ERROR]" not in d["summary"]
E   AssertionError: assert '[AI SUMMARY ERROR]' not in '[AI SUMMARY...get: 371.001'
E     
E     '[AI SUMMARY ERROR]' is contained here:
E       [AI SUMMARY ERROR] Failed to generate chat completion: litellm.BadRequestError: OpenAIException - Budget has been exceeded! Current cost: 371.0340432285542, Max budget: 371.001
E     ? ++++++++++++++++++</failure></testcase><testcase classname="backend.tests.test_bais_backend.TestAiSummary" name="test_ai_summary_cached_get" time="0.170" /><testcase classname="backend.tests.test_bais_backend.TestPdf" name="test_pdf_yesterday_admin" time="0.124" /><testcase classname="backend.tests.test_bais_backend.TestPdf" name="test_pdf_today_before_noon_rule" time="0.113" /><testcase classname="backend.tests.test_bais_backend.TestPdf" name="test_pdf_requires_role" time="0.110" /></testsuite></testsuites>